2019-02-27 10:34:58,511 [1] [INFO ] MasterManager, Version=1.0.6997.19042, Culture=neutral, PublicKeyToken=null - ===== Program Start
2019-02-27 10:34:58,886 [1] [INFO ] MasterManager, Version=1.0.6997.19042, Culture=neutral, PublicKeyToken=null -  MainMDIForm Initialize
2019-02-27 10:35:00,527 [1] [INFO ] MasterManager, Version=1.0.6997.19042, Culture=neutral, PublicKeyToken=null - MDI子フォーム 表示
2019-02-27 10:35:01,042 [1] [INFO ] MasterManager, Version=1.0.6997.19042, Culture=neutral, PublicKeyToken=null - MDI子フォーム 表示
2019-02-27 10:35:01,058 [1] [INFO ] MasterManager, Version=1.0.6997.19042, Culture=neutral, PublicKeyToken=null - MainMDIForm 表示
2019-02-27 10:35:16,380 [1] [INFO ] MasterManager, Version=1.0.6997.19042, Culture=neutral, PublicKeyToken=null - ===== Program End
2019-02-27 11:27:38,249 [1] [INFO ] MasterManager, Version=1.0.6997.20627, Culture=neutral, PublicKeyToken=null - ===== Program Start
2019-02-27 11:27:38,416 [1] [INFO ] MasterManager, Version=1.0.6997.20627, Culture=neutral, PublicKeyToken=null -  MainMDIForm Initialize
2019-02-27 11:27:39,312 [1] [INFO ] MasterManager, Version=1.0.6997.20627, Culture=neutral, PublicKeyToken=null - MDI子フォーム 表示
2019-02-27 11:27:39,473 [1] [INFO ] MasterManager, Version=1.0.6997.20627, Culture=neutral, PublicKeyToken=null - MDI子フォーム 表示
2019-02-27 11:31:00,395 [1] [INFO ] MasterManager, Version=1.0.6997.20729, Culture=neutral, PublicKeyToken=null - ===== Program Start
2019-02-27 11:31:00,481 [1] [INFO ] MasterManager, Version=1.0.6997.20729, Culture=neutral, PublicKeyToken=null -  MainMDIForm Initialize
2019-02-27 11:31:01,016 [1] [INFO ] MasterManager, Version=1.0.6997.20729, Culture=neutral, PublicKeyToken=null - MDI子フォーム 表示
2019-02-27 11:31:01,227 [1] [INFO ] MasterManager, Version=1.0.6997.20729, Culture=neutral, PublicKeyToken=null - MDI子フォーム 表示
2019-02-27 11:31:46,686 [1] [INFO ] MasterManager, Version=1.0.6997.20752, Culture=neutral, PublicKeyToken=null - ===== Program Start
2019-02-27 11:31:46,759 [1] [INFO ] MasterManager, Version=1.0.6997.20752, Culture=neutral, PublicKeyToken=null -  MainMDIForm Initialize
2019-02-27 11:31:47,147 [1] [INFO ] MasterManager, Version=1.0.6997.20752, Culture=neutral, PublicKeyToken=null - MDI子フォーム 表示
2019-02-27 11:31:47,421 [1] [INFO ] MasterManager, Version=1.0.6997.20752, Culture=neutral, PublicKeyToken=null - MDI子フォーム 表示
2019-02-27 11:31:47,458 [1] [INFO ] MasterManager, Version=1.0.6997.20752, Culture=neutral, PublicKeyToken=null - MainMDIForm 表示
2019-02-27 11:31:49,663 [1] [INFO ] MasterManager, Version=1.0.6997.20752, Culture=neutral, PublicKeyToken=null - ===== Program End
2019-02-27 11:33:23,680 [1] [INFO ] MasterManager, Version=1.0.6997.20800, Culture=neutral, PublicKeyToken=null - ===== Program Start
2019-02-27 11:33:23,764 [1] [INFO ] MasterManager, Version=1.0.6997.20800, Culture=neutral, PublicKeyToken=null -  MainMDIForm Initialize
2019-02-27 11:33:24,217 [1] [INFO ] MasterManager, Version=1.0.6997.20800, Culture=neutral, PublicKeyToken=null - MDI子フォーム 表示
2019-02-27 11:33:24,450 [1] [INFO ] MasterManager, Version=1.0.6997.20800, Culture=neutral, PublicKeyToken=null - MDI子フォーム 表示
2019-02-27 11:33:24,462 [1] [INFO ] MasterManager, Version=1.0.6997.20800, Culture=neutral, PublicKeyToken=null - MainMDIForm 表示
2019-02-27 11:33:28,857 [1] [INFO ] MasterManager, Version=1.0.6997.20800, Culture=neutral, PublicKeyToken=null - ===== Program End
2019-02-27 11:34:03,429 [1] [INFO ] MasterManager, Version=1.0.6997.20800, Culture=neutral, PublicKeyToken=null - ===== Program Start
2019-02-27 11:34:03,518 [1] [INFO ] MasterManager, Version=1.0.6997.20800, Culture=neutral, PublicKeyToken=null -  MainMDIForm Initialize
2019-02-27 11:36:57,150 [1] [INFO ] MasterManager, Version=1.0.6997.20907, Culture=neutral, PublicKeyToken=null - ===== Program Start
2019-02-27 11:36:57,213 [1] [INFO ] MasterManager, Version=1.0.6997.20907, Culture=neutral, PublicKeyToken=null -  MainMDIForm Initialize
2019-02-27 11:36:57,625 [1] [INFO ] MasterManager, Version=1.0.6997.20907, Culture=neutral, PublicKeyToken=null - MDI子フォーム 表示
2019-02-27 11:36:57,946 [1] [INFO ] MasterManager, Version=1.0.6997.20907, Culture=neutral, PublicKeyToken=null - MDI子フォーム 表示
2019-02-27 11:43:25,373 [1] [INFO ] MasterManager, Version=1.0.6997.21101, Culture=neutral, PublicKeyToken=null - ===== Program Start
2019-02-27 11:43:25,490 [1] [INFO ] MasterManager, Version=1.0.6997.21101, Culture=neutral, PublicKeyToken=null -  MainMDIForm Initialize
2019-02-27 11:43:33,847 [1] [INFO ] MasterManager, Version=1.0.6997.21101, Culture=neutral, PublicKeyToken=null - MDI子フォーム 表示
2019-02-27 11:43:34,003 [1] [INFO ] MasterManager, Version=1.0.6997.21101, Culture=neutral, PublicKeyToken=null - MDI子フォーム 表示
2019-02-27 11:43:51,799 [1] [INFO ] MasterManager, Version=1.0.6997.21101, Culture=neutral, PublicKeyToken=null - ===== Program Start
2019-02-27 11:43:51,877 [1] [INFO ] MasterManager, Version=1.0.6997.21101, Culture=neutral, PublicKeyToken=null -  MainMDIForm Initialize
2019-02-27 11:44:16,471 [1] [INFO ] MasterManager, Version=1.0.6997.21101, Culture=neutral, PublicKeyToken=null - MDI子フォーム 表示
2019-02-27 11:44:50,716 [1] [INFO ] MasterManager, Version=1.0.6997.21101, Culture=neutral, PublicKeyToken=null - MDI子フォーム 表示
2019-02-27 11:45:39,135 [1] [INFO ] MasterManager, Version=1.0.6997.21168, Culture=neutral, PublicKeyToken=null - ===== Program Start
2019-02-27 11:45:39,222 [1] [INFO ] MasterManager, Version=1.0.6997.21168, Culture=neutral, PublicKeyToken=null -  MainMDIForm Initialize
2019-02-27 11:45:39,711 [1] [INFO ] MasterManager, Version=1.0.6997.21168, Culture=neutral, PublicKeyToken=null - MDI子フォーム 表示
2019-02-27 11:46:06,413 [1] [INFO ] MasterManager, Version=1.0.6997.21182, Culture=neutral, PublicKeyToken=null - ===== Program Start
2019-02-27 11:46:06,488 [1] [INFO ] MasterManager, Version=1.0.6997.21182, Culture=neutral, PublicKeyToken=null -  MainMDIForm Initialize
2019-02-27 11:46:06,962 [1] [INFO ] MasterManager, Version=1.0.6997.21182, Culture=neutral, PublicKeyToken=null - MDI子フォーム 表示
2019-02-27 11:46:28,762 [1] [INFO ] MasterManager, Version=1.0.6997.21193, Culture=neutral, PublicKeyToken=null - ===== Program Start
2019-02-27 11:46:28,849 [1] [INFO ] MasterManager, Version=1.0.6997.21193, Culture=neutral, PublicKeyToken=null -  MainMDIForm Initialize
2019-02-27 11:46:29,375 [1] [INFO ] MasterManager, Version=1.0.6997.21193, Culture=neutral, PublicKeyToken=null - MDI子フォーム 表示
2019-02-27 11:46:29,621 [1] [INFO ] MasterManager, Version=1.0.6997.21193, Culture=neutral, PublicKeyToken=null - MainMDIForm 表示
2019-02-27 11:46:32,725 [1] [INFO ] MasterManager, Version=1.0.6997.21193, Culture=neutral, PublicKeyToken=null - ===== Program End
2019-02-27 11:47:08,219 [1] [INFO ] MasterManager, Version=1.0.6997.21213, Culture=neutral, PublicKeyToken=null - ===== Program Start
2019-02-27 11:47:08,309 [1] [INFO ] MasterManager, Version=1.0.6997.21213, Culture=neutral, PublicKeyToken=null -  MainMDIForm Initialize
2019-02-27 11:47:08,837 [1] [INFO ] MasterManager, Version=1.0.6997.21213, Culture=neutral, PublicKeyToken=null - MDI子フォーム 表示
2019-02-27 11:47:31,009 [1] [INFO ] MasterManager, Version=1.0.6997.21224, Culture=neutral, PublicKeyToken=null - ===== Program Start
2019-02-27 11:47:31,137 [1] [INFO ] MasterManager, Version=1.0.6997.21224, Culture=neutral, PublicKeyToken=null -  MainMDIForm Initialize
2019-02-27 11:47:31,724 [1] [INFO ] MasterManager, Version=1.0.6997.21224, Culture=neutral, PublicKeyToken=null - MDI子フォーム 表示
2019-02-27 11:47:31,907 [1] [INFO ] MasterManager, Version=1.0.6997.21224, Culture=neutral, PublicKeyToken=null - MDI子フォーム 表示
2019-02-27 11:47:31,918 [1] [INFO ] MasterManager, Version=1.0.6997.21224, Culture=neutral, PublicKeyToken=null - MainMDIForm 表示
2019-02-27 11:47:39,379 [1] [INFO ] MasterManager, Version=1.0.6997.21224, Culture=neutral, PublicKeyToken=null - ===== Program End
2019-02-27 11:51:48,031 [1] [INFO ] MasterManager, Version=1.0.6997.21352, Culture=neutral, PublicKeyToken=null - ===== Program Start
2019-02-27 11:51:48,144 [1] [INFO ] MasterManager, Version=1.0.6997.21352, Culture=neutral, PublicKeyToken=null -  MainMDIForm Initialize
2019-02-27 11:51:48,887 [1] [INFO ] MasterManager, Version=1.0.6997.21352, Culture=neutral, PublicKeyToken=null - MDI子フォーム 表示
2019-02-27 11:51:50,649 [1] [INFO ] MasterManager, Version=1.0.6997.21352, Culture=neutral, PublicKeyToken=null - MDI子フォーム 表示
2019-02-27 11:51:50,660 [1] [INFO ] MasterManager, Version=1.0.6997.21352, Culture=neutral, PublicKeyToken=null - MainMDIForm 表示
2019-02-27 11:51:53,631 [1] [INFO ] MasterManager, Version=1.0.6997.21352, Culture=neutral, PublicKeyToken=null - ===== Program End
2019-02-27 11:53:39,684 [1] [INFO ] MasterManager, Version=1.0.6997.21408, Culture=neutral, PublicKeyToken=null - ===== Program Start
2019-02-27 11:53:39,757 [1] [INFO ] MasterManager, Version=1.0.6997.21408, Culture=neutral, PublicKeyToken=null -  MainMDIForm Initialize
2019-02-27 11:53:40,220 [1] [INFO ] MasterManager, Version=1.0.6997.21408, Culture=neutral, PublicKeyToken=null - MDI子フォーム 表示
2019-02-27 11:53:40,514 [1] [INFO ] MasterManager, Version=1.0.6997.21408, Culture=neutral, PublicKeyToken=null - MainMDIForm 表示
2019-02-27 11:53:42,109 [1] [INFO ] MasterManager, Version=1.0.6997.21408, Culture=neutral, PublicKeyToken=null - ===== Program End
2019-02-27 11:54:02,862 [1] [INFO ] MasterManager, Version=1.0.6997.21420, Culture=neutral, PublicKeyToken=null - ===== Program Start
2019-02-27 11:54:03,017 [1] [INFO ] MasterManager, Version=1.0.6997.21420, Culture=neutral, PublicKeyToken=null -  MainMDIForm Initialize
2019-02-27 11:54:03,704 [1] [INFO ] MasterManager, Version=1.0.6997.21420, Culture=neutral, PublicKeyToken=null - MDI子フォーム 表示
2019-02-27 11:54:03,993 [1] [INFO ] MasterManager, Version=1.0.6997.21420, Culture=neutral, PublicKeyToken=null - MainMDIForm 表示
2019-02-27 11:54:12,172 [1] [INFO ] MasterManager, Version=1.0.6997.21420, Culture=neutral, PublicKeyToken=null - ===== Program End
2019-02-27 11:55:33,914 [1] [INFO ] MasterManager, Version=1.0.6997.21465, Culture=neutral, PublicKeyToken=null - ===== Program Start
2019-02-27 11:55:33,972 [1] [INFO ] MasterManager, Version=1.0.6997.21465, Culture=neutral, PublicKeyToken=null -  MainMDIForm Initialize
2019-02-27 11:55:34,576 [1] [INFO ] MasterManager, Version=1.0.6997.21465, Culture=neutral, PublicKeyToken=null - MDI子フォーム 表示
2019-02-27 11:55:34,826 [1] [INFO ] MasterManager, Version=1.0.6997.21465, Culture=neutral, PublicKeyToken=null - MainMDIForm 表示
2019-02-27 11:55:36,288 [1] [INFO ] MasterManager, Version=1.0.6997.21465, Culture=neutral, PublicKeyToken=null - ===== Program End
2019-02-27 11:56:07,062 [1] [INFO ] MasterManager, Version=1.0.6997.21482, Culture=neutral, PublicKeyToken=null - ===== Program Start
2019-02-27 11:56:07,144 [1] [INFO ] MasterManager, Version=1.0.6997.21482, Culture=neutral, PublicKeyToken=null -  MainMDIForm Initialize
2019-02-27 11:56:07,679 [1] [INFO ] MasterManager, Version=1.0.6997.21482, Culture=neutral, PublicKeyToken=null - MDI子フォーム 表示
2019-02-27 11:56:07,864 [1] [INFO ] MasterManager, Version=1.0.6997.21482, Culture=neutral, PublicKeyToken=null - MDI子フォーム 表示
2019-02-27 11:56:07,875 [1] [INFO ] MasterManager, Version=1.0.6997.21482, Culture=neutral, PublicKeyToken=null - MainMDIForm 表示
2019-02-27 11:56:09,937 [1] [INFO ] MasterManager, Version=1.0.6997.21482, Culture=neutral, PublicKeyToken=null - ===== Program End
2019-02-27 11:56:37,576 [1] [INFO ] MasterManager, Version=1.0.6997.21497, Culture=neutral, PublicKeyToken=null - ===== Program Start
2019-02-27 11:56:37,643 [1] [INFO ] MasterManager, Version=1.0.6997.21497, Culture=neutral, PublicKeyToken=null -  MainMDIForm Initialize
2019-02-27 11:56:38,282 [1] [INFO ] MasterManager, Version=1.0.6997.21497, Culture=neutral, PublicKeyToken=null - MDI子フォーム 表示
2019-02-27 11:56:38,674 [1] [INFO ] MasterManager, Version=1.0.6997.21497, Culture=neutral, PublicKeyToken=null - MDI子フォーム 表示
2019-02-27 11:58:22,386 [1] [INFO ] MasterManager, Version=1.0.6997.21550, Culture=neutral, PublicKeyToken=null - ===== Program Start
2019-02-27 11:58:22,439 [1] [INFO ] MasterManager, Version=1.0.6997.21550, Culture=neutral, PublicKeyToken=null -  MainMDIForm Initialize
2019-02-27 11:58:22,905 [1] [INFO ] MasterManager, Version=1.0.6997.21550, Culture=neutral, PublicKeyToken=null - MDI子フォーム 表示
2019-02-27 11:58:23,145 [1] [INFO ] MasterManager, Version=1.0.6997.21550, Culture=neutral, PublicKeyToken=null - MainMDIForm 表示
2019-02-27 11:58:24,522 [1] [INFO ] MasterManager, Version=1.0.6997.21550, Culture=neutral, PublicKeyToken=null - ===== Program End
2019-02-27 11:58:50,609 [1] [INFO ] MasterManager, Version=1.0.6997.21564, Culture=neutral, PublicKeyToken=null - ===== Program Start
2019-02-27 11:58:50,665 [1] [INFO ] MasterManager, Version=1.0.6997.21564, Culture=neutral, PublicKeyToken=null -  MainMDIForm Initialize
2019-02-27 11:58:51,172 [1] [INFO ] MasterManager, Version=1.0.6997.21564, Culture=neutral, PublicKeyToken=null - MDI子フォーム 表示
2019-02-27 11:59:26,171 [1] [INFO ] MasterManager, Version=1.0.6997.21582, Culture=neutral, PublicKeyToken=null - ===== Program Start
2019-02-27 11:59:26,335 [1] [INFO ] MasterManager, Version=1.0.6997.21582, Culture=neutral, PublicKeyToken=null -  MainMDIForm Initialize
2019-02-27 11:59:27,034 [1] [INFO ] MasterManager, Version=1.0.6997.21582, Culture=neutral, PublicKeyToken=null - MDI子フォーム 表示
2019-02-27 12:02:43,602 [1] [INFO ] MasterManager, Version=1.0.6997.21680, Culture=neutral, PublicKeyToken=null - ===== Program Start
2019-02-27 12:02:43,655 [1] [INFO ] MasterManager, Version=1.0.6997.21680, Culture=neutral, PublicKeyToken=null -  MainMDIForm Initialize
2019-02-27 12:02:44,343 [1] [INFO ] MasterManager, Version=1.0.6997.21680, Culture=neutral, PublicKeyToken=null - MDI子フォーム 表示
2019-02-27 12:05:55,627 [1] [INFO ] MasterManager, Version=1.0.6997.21776, Culture=neutral, PublicKeyToken=null - ===== Program Start
2019-02-27 12:05:55,684 [1] [INFO ] MasterManager, Version=1.0.6997.21776, Culture=neutral, PublicKeyToken=null -  MainMDIForm Initialize
2019-02-27 12:05:56,105 [1] [INFO ] MasterManager, Version=1.0.6997.21776, Culture=neutral, PublicKeyToken=null - MDI子フォーム 表示
2019-02-27 12:12:38,134 [1] [INFO ] MasterManager, Version=1.0.6997.21978, Culture=neutral, PublicKeyToken=null - ===== Program Start
2019-02-27 12:12:38,215 [1] [INFO ] MasterManager, Version=1.0.6997.21978, Culture=neutral, PublicKeyToken=null -  MainMDIForm Initialize
2019-02-27 12:13:38,067 [1] [INFO ] MasterManager, Version=1.0.6997.22008, Culture=neutral, PublicKeyToken=null - ===== Program Start
2019-02-27 12:13:38,119 [1] [INFO ] MasterManager, Version=1.0.6997.22008, Culture=neutral, PublicKeyToken=null -  MainMDIForm Initialize
2019-02-27 12:13:38,778 [1] [INFO ] MasterManager, Version=1.0.6997.22008, Culture=neutral, PublicKeyToken=null - MDI子フォーム 表示
2019-02-27 12:14:29,417 [1] [INFO ] MasterManager, Version=1.0.6997.22033, Culture=neutral, PublicKeyToken=null - ===== Program Start
2019-02-27 12:14:29,470 [1] [INFO ] MasterManager, Version=1.0.6997.22033, Culture=neutral, PublicKeyToken=null -  MainMDIForm Initialize
2019-02-27 12:14:29,935 [1] [INFO ] MasterManager, Version=1.0.6997.22033, Culture=neutral, PublicKeyToken=null - MDI子フォーム 表示
2019-02-27 12:14:30,200 [1] [INFO ] MasterManager, Version=1.0.6997.22033, Culture=neutral, PublicKeyToken=null - MainMDIForm 表示
2019-02-27 12:14:32,344 [1] [INFO ] MasterManager, Version=1.0.6997.22033, Culture=neutral, PublicKeyToken=null - ===== Program End
2019-02-27 12:15:00,419 [1] [INFO ] MasterManager, Version=1.0.6997.22049, Culture=neutral, PublicKeyToken=null - ===== Program Start
2019-02-27 12:15:00,475 [1] [INFO ] MasterManager, Version=1.0.6997.22049, Culture=neutral, PublicKeyToken=null -  MainMDIForm Initialize
2019-02-27 12:15:00,991 [1] [INFO ] MasterManager, Version=1.0.6997.22049, Culture=neutral, PublicKeyToken=null - MDI子フォーム 表示
2019-02-27 12:15:01,216 [1] [INFO ] MasterManager, Version=1.0.6997.22049, Culture=neutral, PublicKeyToken=null - MainMDIForm 表示
2019-02-27 12:15:04,216 [1] [INFO ] MasterManager, Version=1.0.6997.22049, Culture=neutral, PublicKeyToken=null - ===== Program End
2019-02-27 12:15:42,668 [1] [INFO ] MasterManager, Version=1.0.6997.22070, Culture=neutral, PublicKeyToken=null - ===== Program Start
2019-02-27 12:15:42,717 [1] [INFO ] MasterManager, Version=1.0.6997.22070, Culture=neutral, PublicKeyToken=null -  MainMDIForm Initialize
2019-02-27 12:15:43,166 [1] [INFO ] MasterManager, Version=1.0.6997.22070, Culture=neutral, PublicKeyToken=null - MDI子フォーム 表示
2019-02-27 12:15:43,363 [1] [INFO ] MasterManager, Version=1.0.6997.22070, Culture=neutral, PublicKeyToken=null - MDI子フォーム 表示
2019-02-27 12:15:43,377 [1] [INFO ] MasterManager, Version=1.0.6997.22070, Culture=neutral, PublicKeyToken=null - MainMDIForm 表示
2019-02-27 12:15:51,457 [1] [INFO ] MasterManager, Version=1.0.6997.22070, Culture=neutral, PublicKeyToken=null - ===== Program End
