2019-04-18 11:54:12,180 [1] [INFO ] MasterManager, Version=1.0.7047.21407, Culture=neutral, PublicKeyToken=null - ===== Program Start
2019-04-18 11:54:12,874 [1] [INFO ] MasterManager, Version=1.0.7047.21407, Culture=neutral, PublicKeyToken=null -  MainMDIForm Initialize
2019-04-18 11:54:15,311 [1] [INFO ] MasterManager, Version=1.0.7047.21407, Culture=neutral, PublicKeyToken=null -         MasterManager - 1.0.7047.21407 表示
2019-04-18 11:58:14,276 [1] [INFO ] MasterManager, Version=1.0.7047.21407, Culture=neutral, PublicKeyToken=null -  TableListForm Initialize
2019-04-18 11:58:15,223 [1] [INFO ] MasterManager, Version=1.0.7047.21407, Culture=neutral, PublicKeyToken=null - MDI子フォーム 表示
2019-04-18 11:58:15,411 [1] [INFO ] MasterManager, Version=1.0.7047.21407, Culture=neutral, PublicKeyToken=null -  TableListForm Initialize
2019-04-18 11:58:15,520 [1] [INFO ] MasterManager, Version=1.0.7047.21407, Culture=neutral, PublicKeyToken=null - MDI子フォーム 表示
2019-04-18 11:58:15,536 [1] [INFO ] MasterManager, Version=1.0.7047.21407, Culture=neutral, PublicKeyToken=null - ===== Program End
2019-04-18 11:59:14,570 [1] [INFO ] MasterManager, Version=1.0.7047.21558, Culture=neutral, PublicKeyToken=null - ===== Program Start
2019-04-18 11:59:14,613 [1] [INFO ] MasterManager, Version=1.0.7047.21558, Culture=neutral, PublicKeyToken=null -  MainMDIForm Initialize
2019-04-18 11:59:14,914 [1] [INFO ] MasterManager, Version=1.0.7047.21558, Culture=neutral, PublicKeyToken=null -         MasterManager - 1.0.7047.21558 表示
2019-04-18 11:59:19,768 [1] [INFO ] MasterManager, Version=1.0.7047.21558, Culture=neutral, PublicKeyToken=null -  TableListForm Initialize
2019-04-18 11:59:19,903 [1] [INFO ] MasterManager, Version=1.0.7047.21558, Culture=neutral, PublicKeyToken=null - MDI子フォーム 表示
2019-04-18 11:59:51,364 [1] [INFO ] MasterManager, Version=1.0.7047.21558, Culture=neutral, PublicKeyToken=null - ===== Program Start
2019-04-18 11:59:51,435 [1] [INFO ] MasterManager, Version=1.0.7047.21558, Culture=neutral, PublicKeyToken=null -  MainMDIForm Initialize
2019-04-18 12:00:01,754 [1] [INFO ] MasterManager, Version=1.0.7047.21558, Culture=neutral, PublicKeyToken=null -         MasterManager - 1.0.7047.21558 表示
2019-04-18 12:00:17,582 [1] [INFO ] MasterManager, Version=1.0.7047.21558, Culture=neutral, PublicKeyToken=null -  TableListForm Initialize
2019-04-18 12:00:17,785 [1] [INFO ] MasterManager, Version=1.0.7047.21558, Culture=neutral, PublicKeyToken=null - MDI子フォーム 表示
2019-04-18 12:01:00,883 [1] [INFO ] MasterManager, Version=1.0.7047.21626, Culture=neutral, PublicKeyToken=null - ===== Program Start
2019-04-18 12:01:00,925 [1] [INFO ] MasterManager, Version=1.0.7047.21626, Culture=neutral, PublicKeyToken=null -  MainMDIForm Initialize
2019-04-18 12:01:14,048 [1] [INFO ] MasterManager, Version=1.0.7047.21626, Culture=neutral, PublicKeyToken=null -  TableListForm Initialize
2019-04-18 12:01:14,248 [1] [INFO ] MasterManager, Version=1.0.7047.21626, Culture=neutral, PublicKeyToken=null - MDI子フォーム 表示
2019-04-18 12:01:46,397 [1] [INFO ] MasterManager, Version=1.0.7047.21649, Culture=neutral, PublicKeyToken=null - ===== Program Start
2019-04-18 12:01:46,442 [1] [INFO ] MasterManager, Version=1.0.7047.21649, Culture=neutral, PublicKeyToken=null -  MainMDIForm Initialize
2019-04-18 12:01:52,930 [1] [INFO ] MasterManager, Version=1.0.7047.21649, Culture=neutral, PublicKeyToken=null -  TableListForm Initialize
2019-04-18 12:01:53,067 [1] [INFO ] MasterManager, Version=1.0.7047.21649, Culture=neutral, PublicKeyToken=null - MDI子フォーム 表示
2019-04-18 12:01:53,234 [1] [INFO ] MasterManager, Version=1.0.7047.21649, Culture=neutral, PublicKeyToken=null -  TableListForm Initialize
2019-04-18 12:01:53,241 [1] [INFO ] MasterManager, Version=1.0.7047.21649, Culture=neutral, PublicKeyToken=null - MDI子フォーム 表示
2019-04-18 12:01:53,264 [1] [INFO ] MasterManager, Version=1.0.7047.21649, Culture=neutral, PublicKeyToken=null -         MasterManager - 1.0.7047.21649 表示
2019-04-18 12:02:26,925 [1] [INFO ] MasterManager, Version=1.0.7047.21649, Culture=neutral, PublicKeyToken=null - ===== Program Start
2019-04-18 12:02:26,956 [1] [INFO ] MasterManager, Version=1.0.7047.21649, Culture=neutral, PublicKeyToken=null -  MainMDIForm Initialize
2019-04-18 12:02:27,346 [1] [INFO ] MasterManager, Version=1.0.7047.21649, Culture=neutral, PublicKeyToken=null -  TableListForm Initialize
2019-04-18 12:02:27,628 [1] [INFO ] MasterManager, Version=1.0.7047.21649, Culture=neutral, PublicKeyToken=null - MDI子フォーム 表示
2019-04-18 12:02:27,906 [1] [INFO ] MasterManager, Version=1.0.7047.21649, Culture=neutral, PublicKeyToken=null -  TableListForm Initialize
2019-04-18 12:02:27,922 [1] [INFO ] MasterManager, Version=1.0.7047.21649, Culture=neutral, PublicKeyToken=null - MDI子フォーム 表示
2019-04-18 12:02:36,598 [1] [INFO ] MasterManager, Version=1.0.7047.21649, Culture=neutral, PublicKeyToken=null -         MasterManager - 1.0.7047.21649 表示
2019-04-18 12:03:02,968 [1] [INFO ] MasterManager, Version=1.0.7047.21649, Culture=neutral, PublicKeyToken=null - ===== Program Start
2019-04-18 12:03:03,047 [1] [INFO ] MasterManager, Version=1.0.7047.21649, Culture=neutral, PublicKeyToken=null -  MainMDIForm Initialize
2019-04-18 12:03:03,528 [1] [INFO ] MasterManager, Version=1.0.7047.21649, Culture=neutral, PublicKeyToken=null -  TableListForm Initialize
2019-04-18 12:03:03,689 [1] [INFO ] MasterManager, Version=1.0.7047.21649, Culture=neutral, PublicKeyToken=null - MDI子フォーム 表示
2019-04-18 12:03:03,908 [1] [INFO ] MasterManager, Version=1.0.7047.21649, Culture=neutral, PublicKeyToken=null -  TableListForm Initialize
2019-04-18 12:03:03,930 [1] [INFO ] MasterManager, Version=1.0.7047.21649, Culture=neutral, PublicKeyToken=null - MDI子フォーム 表示
2019-04-18 12:03:29,963 [1] [INFO ] MasterManager, Version=1.0.7047.21649, Culture=neutral, PublicKeyToken=null -         MasterManager - 1.0.7047.21649 表示
2019-04-18 12:03:57,493 [1] [INFO ] MasterManager, Version=1.0.7047.21715, Culture=neutral, PublicKeyToken=null - ===== Program Start
2019-04-18 12:03:57,538 [1] [INFO ] MasterManager, Version=1.0.7047.21715, Culture=neutral, PublicKeyToken=null -  MainMDIForm Initialize
2019-04-18 12:03:57,875 [1] [INFO ] MasterManager, Version=1.0.7047.21715, Culture=neutral, PublicKeyToken=null -  TableListForm Initialize
2019-04-18 12:03:58,068 [1] [INFO ] MasterManager, Version=1.0.7047.21715, Culture=neutral, PublicKeyToken=null -  TableListForm Initialize
2019-04-18 12:04:06,626 [1] [INFO ] MasterManager, Version=1.0.7047.21715, Culture=neutral, PublicKeyToken=null -         MasterManager - 1.0.7047.21715 表示
2019-04-18 12:04:11,925 [1] [INFO ] MasterManager, Version=1.0.7047.21715, Culture=neutral, PublicKeyToken=null - ===== Program End
