2019-02-28 11:31:20,414 [1] [INFO ] MasterManager, Version=1.0.6997.22070, Culture=neutral, PublicKeyToken=null - ===== Program Start
2019-02-28 11:31:20,626 [1] [INFO ] MasterManager, Version=1.0.6997.22070, Culture=neutral, PublicKeyToken=null -  MainMDIForm Initialize
2019-02-28 11:31:21,271 [1] [INFO ] MasterManager, Version=1.0.6997.22070, Culture=neutral, PublicKeyToken=null - MDI子フォーム 表示
2019-02-28 11:31:21,597 [1] [INFO ] MasterManager, Version=1.0.6997.22070, Culture=neutral, PublicKeyToken=null - MDI子フォーム 表示
2019-02-28 11:31:21,612 [1] [INFO ] MasterManager, Version=1.0.6997.22070, Culture=neutral, PublicKeyToken=null - MainMDIForm 表示
2019-02-28 11:32:26,713 [1] [INFO ] MasterManager, Version=1.0.6997.22070, Culture=neutral, PublicKeyToken=null - ===== Program End
2019-02-28 11:35:37,941 [1] [INFO ] MasterManager, Version=1.0.6998.20865, Culture=neutral, PublicKeyToken=null - ===== Program Start
2019-02-28 11:35:37,995 [1] [INFO ] MasterManager, Version=1.0.6998.20865, Culture=neutral, PublicKeyToken=null -  MainMDIForm Initialize
2019-02-28 11:35:38,424 [1] [INFO ] MasterManager, Version=1.0.6998.20865, Culture=neutral, PublicKeyToken=null - MDI子フォーム 表示
2019-02-28 11:35:38,608 [1] [INFO ] MasterManager, Version=1.0.6998.20865, Culture=neutral, PublicKeyToken=null - MDI子フォーム 表示
2019-02-28 11:35:38,624 [1] [INFO ] MasterManager, Version=1.0.6998.20865, Culture=neutral, PublicKeyToken=null - MainMDIForm 表示
2019-02-28 11:35:47,253 [1] [INFO ] MasterManager, Version=1.0.6998.20865, Culture=neutral, PublicKeyToken=null - ===== Program End
2019-02-28 14:23:19,570 [1] [INFO ] MasterManager, Version=1.0.6998.25887, Culture=neutral, PublicKeyToken=null - ===== Program Start
2019-02-28 14:23:21,233 [1] [INFO ] MasterManager, Version=1.0.6998.25887, Culture=neutral, PublicKeyToken=null -  MainMDIForm Initialize
2019-02-28 14:23:23,156 [1] [INFO ] MasterManager, Version=1.0.6998.25887, Culture=neutral, PublicKeyToken=null - MDI子フォーム 表示
2019-02-28 14:23:23,578 [1] [INFO ] MasterManager, Version=1.0.6998.25887, Culture=neutral, PublicKeyToken=null - MDI子フォーム 表示
2019-02-28 14:23:23,625 [1] [INFO ] MasterManager, Version=1.0.6998.25887, Culture=neutral, PublicKeyToken=null - MainMDIForm 表示
2019-02-28 14:52:16,139 [1] [INFO ] MasterManager, Version=1.0.6998.25887, Culture=neutral, PublicKeyToken=null - ===== Program End
2019-02-28 14:54:16,844 [1] [INFO ] MasterManager, Version=1.0.6998.26826, Culture=neutral, PublicKeyToken=null - ===== Program Start
2019-02-28 14:54:16,934 [1] [INFO ] MasterManager, Version=1.0.6998.26826, Culture=neutral, PublicKeyToken=null -  MainMDIForm Initialize
2019-02-28 14:54:17,716 [1] [INFO ] MasterManager, Version=1.0.6998.26826, Culture=neutral, PublicKeyToken=null - MDI子フォーム 表示
2019-02-28 14:54:18,013 [1] [INFO ] MasterManager, Version=1.0.6998.26826, Culture=neutral, PublicKeyToken=null - MDI子フォーム 表示
2019-02-28 14:54:18,029 [1] [INFO ] MasterManager, Version=1.0.6998.26826, Culture=neutral, PublicKeyToken=null - MainMDIForm 表示
2019-02-28 14:54:28,905 [1] [INFO ] MasterManager, Version=1.0.6998.26826, Culture=neutral, PublicKeyToken=null - ===== Program End
